<?xml version="1.0" encoding="UTF-8"?>
<testng-results skipped="0" failed="0" ignored="3" total="4" passed="1">
  <reporter-output>
  </reporter-output>
  <suite name="AllTestsSuite" duration-ms="31288" started-at="2019-10-31T19:28:48Z" finished-at="2019-10-31T19:29:19Z">
    <groups>
    </groups>
    <test name="My First Selenium TestNG Test" duration-ms="31288" started-at="2019-10-31T19:28:48Z" finished-at="2019-10-31T19:29:19Z">
      <class name="test.Tests">
        <test-method status="PASS" signature="setupTest()[pri:0, instance:test.Tests@1e67b872]" name="setupTest" is-config="true" duration-ms="27441" started-at="2019-10-31T19:28:48Z" finished-at="2019-10-31T19:29:15Z">
          <reporter-output>
          </reporter-output>
        </test-method> <!-- setupTest -->
        <test-method status="PASS" signature="loginIncorrecto()[pri:0, instance:test.Tests@1e67b872]" name="loginIncorrecto" duration-ms="2688" started-at="2019-10-31T19:29:15Z" finished-at="2019-10-31T19:29:18Z">
          <reporter-output>
          </reporter-output>
        </test-method> <!-- loginIncorrecto -->
        <test-method status="PASS" signature="teardownTest()[pri:0, instance:test.Tests@1e67b872]" name="teardownTest" is-config="true" duration-ms="1049" started-at="2019-10-31T19:29:18Z" finished-at="2019-10-31T19:29:19Z">
          <reporter-output>
          </reporter-output>
        </test-method> <!-- teardownTest -->
      </class> <!-- test.Tests -->
    </test> <!-- My First Selenium TestNG Test -->
  </suite> <!-- AllTestsSuite -->
</testng-results>
