<?xml version="1.0" encoding="UTF-8"?>
<testng-results skipped="0" failed="0" ignored="3" total="5" passed="2">
  <reporter-output>
  </reporter-output>
  <suite name="AllTestsSuite" duration-ms="20246" started-at="2019-11-04T17:12:34Z" finished-at="2019-11-04T17:12:54Z">
    <groups>
    </groups>
    <test name="My First Selenium TestNG Test" duration-ms="20246" started-at="2019-11-04T17:12:34Z" finished-at="2019-11-04T17:12:54Z">
      <class name="test.TestsHeadLess">
        <test-method status="PASS" signature="setupTest()[pri:0, instance:test.TestsHeadLess@1e67b872]" name="setupTest" is-config="true" duration-ms="8948" started-at="2019-11-04T17:12:34Z" finished-at="2019-11-04T17:12:43Z">
          <reporter-output>
          </reporter-output>
        </test-method> <!-- setupTest -->
        <test-method status="PASS" signature="loginIncorrecto()[pri:0, instance:test.TestsHeadLess@1e67b872]" name="loginIncorrecto" duration-ms="2428" started-at="2019-11-04T17:12:43Z" description="Login Incorrecto" finished-at="2019-11-04T17:12:46Z">
          <reporter-output>
          </reporter-output>
        </test-method> <!-- loginIncorrecto -->
        <test-method status="PASS" signature="teardownTest(org.testng.ITestResult)[pri:0, instance:test.TestsHeadLess@1e67b872]" name="teardownTest" is-config="true" duration-ms="760" started-at="2019-11-04T17:12:46Z" finished-at="2019-11-04T17:12:46Z">
          <params>
            <param index="0">
              <value>
                <![CDATA[[TestResult name=loginIncorrecto status=SUCCESS method=TestsHeadLess.loginIncorrecto()[pri:0, instance:test.TestsHeadLess@1e67b872] output={null}]]]>
              </value>
            </param>
          </params>
          <reporter-output>
          </reporter-output>
        </test-method> <!-- teardownTest -->
        <test-method status="PASS" signature="setupTest()[pri:0, instance:test.TestsHeadLess@1e67b872]" name="setupTest" is-config="true" duration-ms="7148" started-at="2019-11-04T17:12:46Z" finished-at="2019-11-04T17:12:54Z">
          <reporter-output>
          </reporter-output>
        </test-method> <!-- setupTest -->
        <test-method status="PASS" signature="pruebaVerificarTitulo()[pri:0, instance:test.TestsHeadLess@1e67b872]" name="pruebaVerificarTitulo" duration-ms="113" started-at="2019-11-04T17:12:54Z" description="Verificar titulo correcto en el login" finished-at="2019-11-04T17:12:54Z">
          <reporter-output>
          </reporter-output>
        </test-method> <!-- pruebaVerificarTitulo -->
        <test-method status="PASS" signature="teardownTest(org.testng.ITestResult)[pri:0, instance:test.TestsHeadLess@1e67b872]" name="teardownTest" is-config="true" duration-ms="646" started-at="2019-11-04T17:12:54Z" finished-at="2019-11-04T17:12:54Z">
          <params>
            <param index="0">
              <value>
                <![CDATA[[TestResult name=pruebaVerificarTitulo status=SUCCESS method=TestsHeadLess.pruebaVerificarTitulo()[pri:0, instance:test.TestsHeadLess@1e67b872] output={null}]]]>
              </value>
            </param>
          </params>
          <reporter-output>
          </reporter-output>
        </test-method> <!-- teardownTest -->
      </class> <!-- test.TestsHeadLess -->
    </test> <!-- My First Selenium TestNG Test -->
  </suite> <!-- AllTestsSuite -->
</testng-results>
