<?xml version="1.0" encoding="UTF-8"?>
<testsuite xmlns:xsi="http://www.w3.org/2001/XMLSchema-instance" xsi:noNamespaceSchemaLocation="https://maven.apache.org/surefire/maven-surefire-plugin/xsd/surefire-test-report.xsd" name="TestSuite" time="20.912" tests="2" errors="0" skipped="0" failures="0">
  <properties>
[...]
</properties>
  <testcase name="loginIncorrecto" classname="test.TestsHeadLess" time="2.427"/>
  <testcase name="pruebaVerificarTitulo" classname="test.TestsHeadLess" time="0.113"/>
</testsuite>