<?xml version="1.0" encoding="UTF-8"?>
<!-- Generated by org.testng.reporters.JUnitXMLReporter -->
<testsuite hostname="EKT1607108" ignored="3" name="My First Selenium TestNG Test" tests="1" failures="0" timestamp="31 oct 2019 19:29:19 GMT" time="31.288" errors="0">
  <testcase name="loginIncorrecto" time="2.688" classname="test.Tests"/>
  <testcase name="pruebaCantidadDeCampos" time="0.0" classname="test.Tests">
    <ignored/>
  </testcase> <!-- pruebaCantidadDeCampos -->
  <testcase name="loginCorrecto" time="0.0" classname="test.Tests">
    <ignored/>
  </testcase> <!-- loginCorrecto -->
  <testcase name="seleccionCombos" time="0.0" classname="test.Tests">
    <ignored/>
  </testcase> <!-- seleccionCombos -->
</testsuite> <!-- My First Selenium TestNG Test -->
